<?xml version="1.0" encoding="UTF-8"?>
<!-- Generated by org.testng.reporters.JUnitReportReporter -->
<testsuite hostname="DESKTOP-NJ4R2PM" failures="0" tests="2" name="com.mystore.testcases.TC_MyAccountPageTestDataDriveTesting" time="1.837" errors="0" timestamp="2025-07-11T20:48:04 IST" skipped="0">
  <testcase classname="com.mystore.testcases.TC_MyAccountPageTestDataDriveTesting" name="verifyRegistrationAndLogin" time="0.919"/>
  <testcase classname="com.mystore.testcases.TC_MyAccountPageTestDataDriveTesting" name="verifyRegistrationAndLogin" time="0.918"/>
</testsuite> <!-- com.mystore.testcases.TC_MyAccountPageTestDataDriveTesting -->
