<?xml version="1.0" encoding="UTF-8"?>
<!-- Generated by org.testng.reporters.JUnitReportReporter -->
<testsuite hostname="DESKTOP-NJ4R2PM" failures="0" tests="1" name="com.mystore.testcases.TC_AccountCreationPageTest" time="3.712" errors="0" timestamp="2025-07-11T20:48:04 IST" skipped="0">
  <testcase classname="com.mystore.testcases.TC_AccountCreationPageTest" name="accountRegistration" time="3.712"/>
</testsuite> <!-- com.mystore.testcases.TC_AccountCreationPageTest -->
