<?xml version="1.0" encoding="UTF-8"?>
<!-- Generated by org.testng.reporters.JUnitReportReporter -->
<testsuite hostname="DESKTOP-NJ4R2PM" failures="0" tests="1" name="com.mystore.testcases.TC_MyAccountPageTest" time="0.947" errors="0" timestamp="2025-07-11T20:48:04 IST" skipped="0">
  <testcase classname="com.mystore.testcases.TC_MyAccountPageTest" name="verifyRegistrationAndLogin" time="0.947"/>
</testsuite> <!-- com.mystore.testcases.TC_MyAccountPageTest -->
